<?xml version="1.0" encoding="UTF-8"?>
<testsuite xmlns:xsi="http://www.w3.org/2001/XMLSchema-instance" xsi:noNamespaceSchemaLocation="https://maven.apache.org/surefire/maven-surefire-plugin/xsd/surefire-test-report-3.0.xsd" version="3.0" name="com.prep.exams.wise.FeeCalculatorTest" time="0.004" tests="4" errors="0" skipped="0" failures="0">
  <properties>
[...]
</properties>
  <testcase name="zeroAmount" classname="com.prep.exams.wise.FeeCalculatorTest" time="0.002"/>
  <testcase name="multiTier" classname="com.prep.exams.wise.FeeCalculatorTest" time="0.001"/>
  <testcase name="firstTier" classname="com.prep.exams.wise.FeeCalculatorTest" time="0.0"/>
  <testcase name="largAmount" classname="com.prep.exams.wise.FeeCalculatorTest" time="0.0"/>
</testsuite>